<?xml version="1.0" encoding="UTF-8" ?>
<testsuite tests="20" failures="2" name="com.alibaba.datax.common.util.ConfigurationTest" time="0.076" errors="1" skipped="0">
  <properties>
[...]
</properties>
  <testcase classname="com.alibaba.datax.common.util.ConfigurationTest" name="test_buildObject" time="0"/>
  <testcase classname="com.alibaba.datax.common.util.ConfigurationTest" name="test_unescape" time="0"/>
  <testcase classname="com.alibaba.datax.common.util.ConfigurationTest" name="test_getKeys" time="0.007">
    <failure type="java.lang.AssertionError">java.lang.AssertionError
	at org.junit.Assert.fail(Assert.java:86)
	at org.junit.Assert.assertTrue(Assert.java:41)
	at org.junit.Assert.assertTrue(Assert.java:52)
	at com.alibaba.datax.common.util.ConfigurationTest.test_getKeys(ConfigurationTest.java:463)
	at sun.reflect.NativeMethodAccessorImpl.invoke0(Native Method)
	at sun.reflect.NativeMethodAccessorImpl.invoke(NativeMethodAccessorImpl.java:62)
	at sun.reflect.DelegatingMethodAccessorImpl.invoke(DelegatingMethodAccessorImpl.java:43)
	at java.lang.reflect.Method.invoke(Method.java:498)
	at org.junit.runners.model.FrameworkMethod$1.runReflectiveCall(FrameworkMethod.java:50)
	at org.junit.internal.runners.model.ReflectiveCallable.run(ReflectiveCallable.java:12)
	at org.junit.runners.model.FrameworkMethod.invokeExplosively(FrameworkMethod.java:47)
	at org.junit.internal.runners.statements.InvokeMethod.evaluate(InvokeMethod.java:17)
	at org.junit.rules.ExpectedException$ExpectedExceptionStatement.evaluate(ExpectedException.java:239)
	at org.junit.rules.RunRules.evaluate(RunRules.java:20)
	at org.junit.runners.ParentRunner.runLeaf(ParentRunner.java:325)
	at org.junit.runners.BlockJUnit4ClassRunner.runChild(BlockJUnit4ClassRunner.java:78)
	at org.junit.runners.BlockJUnit4ClassRunner.runChild(BlockJUnit4ClassRunner.java:57)
	at org.junit.runners.ParentRunner$3.run(ParentRunner.java:290)
	at org.junit.runners.ParentRunner$1.schedule(ParentRunner.java:71)
	at org.junit.runners.ParentRunner.runChildren(ParentRunner.java:288)
	at org.junit.runners.ParentRunner.access$000(ParentRunner.java:58)
	at org.junit.runners.ParentRunner$2.evaluate(ParentRunner.java:268)
	at org.junit.runners.ParentRunner.run(ParentRunner.java:363)
	at org.apache.maven.surefire.junit4.JUnit4Provider.execute(JUnit4Provider.java:252)
	at org.apache.maven.surefire.junit4.JUnit4Provider.executeTestSet(JUnit4Provider.java:141)
	at org.apache.maven.surefire.junit4.JUnit4Provider.invoke(JUnit4Provider.java:112)
	at sun.reflect.NativeMethodAccessorImpl.invoke0(Native Method)
	at sun.reflect.NativeMethodAccessorImpl.invoke(NativeMethodAccessorImpl.java:62)
	at sun.reflect.DelegatingMethodAccessorImpl.invoke(DelegatingMethodAccessorImpl.java:43)
	at java.lang.reflect.Method.invoke(Method.java:498)
	at org.apache.maven.surefire.util.ReflectionUtils.invokeMethodWithArray(ReflectionUtils.java:189)
	at org.apache.maven.surefire.booter.ProviderFactory$ProviderProxy.invoke(ProviderFactory.java:165)
	at org.apache.maven.surefire.booter.ProviderFactory.invokeProvider(ProviderFactory.java:85)
	at org.apache.maven.surefire.booter.ForkedBooter.runSuitesInProcess(ForkedBooter.java:115)
	at org.apache.maven.surefire.booter.ForkedBooter.main(ForkedBooter.java:75)
</failure>
    <system-out>[]
[]
[&quot;[0]&quot;]
[&quot;[1]&quot;,&quot;[0]&quot;]
[&quot;[0][0][0]&quot;]
[&quot;a.b.B&quot;,&quot;a.A&quot;,&quot;a.b.c[0]&quot;]
</system-out>
  </testcase>
  <testcase classname="com.alibaba.datax.common.util.ConfigurationTest" name="test_list" time="0"/>
  <testcase classname="com.alibaba.datax.common.util.ConfigurationTest" name="test_type" time="0"/>
  <testcase classname="com.alibaba.datax.common.util.ConfigurationTest" name="test_get" time="0.002"/>
  <testcase classname="com.alibaba.datax.common.util.ConfigurationTest" name="test_set" time="0.011"/>
  <testcase classname="com.alibaba.datax.common.util.ConfigurationTest" name="test_secretKey" time="0"/>
  <testcase classname="com.alibaba.datax.common.util.ConfigurationTest" name="test_serialize" time="0"/>
  <testcase classname="com.alibaba.datax.common.util.ConfigurationTest" name="test_remove" time="0"/>
  <testcase classname="com.alibaba.datax.common.util.ConfigurationTest" name="test_setObjectRecursive" time="0.005"/>
  <testcase classname="com.alibaba.datax.common.util.ConfigurationTest" name="test" time="0.011"/>
  <testcase classname="com.alibaba.datax.common.util.ConfigurationTest" name="test_getNecessaryValue" time="0"/>
  <testcase classname="com.alibaba.datax.common.util.ConfigurationTest" name="test_beautify" time="0"/>
  <testcase classname="com.alibaba.datax.common.util.ConfigurationTest" name="test_get_list" time="0.035">
    <error message="org.hamcrest.Matcher.describeMismatch(Ljava/lang/Object;Lorg/hamcrest/Description;)V" type="java.lang.NoSuchMethodError">java.lang.NoSuchMethodError: org.hamcrest.Matcher.describeMismatch(Ljava/lang/Object;Lorg/hamcrest/Description;)V
	at org.hamcrest.MatcherAssert.assertThat(MatcherAssert.java:18)
	at org.junit.Assert.assertThat(Assert.java:956)
	at org.junit.Assert.assertThat(Assert.java:923)
	at org.junit.rules.ExpectedException.handleException(ExpectedException.java:252)
	at org.junit.rules.ExpectedException.access$000(ExpectedException.java:106)
	at org.junit.rules.ExpectedException$ExpectedExceptionStatement.evaluate(ExpectedException.java:241)
	at org.junit.rules.RunRules.evaluate(RunRules.java:20)
	at org.junit.runners.ParentRunner.runLeaf(ParentRunner.java:325)
	at org.junit.runners.BlockJUnit4ClassRunner.runChild(BlockJUnit4ClassRunner.java:78)
	at org.junit.runners.BlockJUnit4ClassRunner.runChild(BlockJUnit4ClassRunner.java:57)
	at org.junit.runners.ParentRunner$3.run(ParentRunner.java:290)
	at org.junit.runners.ParentRunner$1.schedule(ParentRunner.java:71)
	at org.junit.runners.ParentRunner.runChildren(ParentRunner.java:288)
	at org.junit.runners.ParentRunner.access$000(ParentRunner.java:58)
	at org.junit.runners.ParentRunner$2.evaluate(ParentRunner.java:268)
	at org.junit.runners.ParentRunner.run(ParentRunner.java:363)
	at org.apache.maven.surefire.junit4.JUnit4Provider.execute(JUnit4Provider.java:252)
	at org.apache.maven.surefire.junit4.JUnit4Provider.executeTestSet(JUnit4Provider.java:141)
	at org.apache.maven.surefire.junit4.JUnit4Provider.invoke(JUnit4Provider.java:112)
	at sun.reflect.NativeMethodAccessorImpl.invoke0(Native Method)
	at sun.reflect.NativeMethodAccessorImpl.invoke(NativeMethodAccessorImpl.java:62)
	at sun.reflect.DelegatingMethodAccessorImpl.invoke(DelegatingMethodAccessorImpl.java:43)
	at java.lang.reflect.Method.invoke(Method.java:498)
	at org.apache.maven.surefire.util.ReflectionUtils.invokeMethodWithArray(ReflectionUtils.java:189)
	at org.apache.maven.surefire.booter.ProviderFactory$ProviderProxy.invoke(ProviderFactory.java:165)
	at org.apache.maven.surefire.booter.ProviderFactory.invokeProvider(ProviderFactory.java:85)
	at org.apache.maven.surefire.booter.ForkedBooter.runSuitesInProcess(ForkedBooter.java:115)
	at org.apache.maven.surefire.booter.ForkedBooter.main(ForkedBooter.java:75)
</error>
    <system-out>{&quot;errorLimit&quot;:{},&quot;speed&quot;:{&quot;byte&quot;:104857600}}
</system-out>
  </testcase>
  <testcase classname="com.alibaba.datax.common.util.ConfigurationTest" name="test_getNecessaryValue2" time="0"/>
  <testcase classname="com.alibaba.datax.common.util.ConfigurationTest" name="test_getNecessaryValue3" time="0"/>
  <testcase classname="com.alibaba.datax.common.util.ConfigurationTest" name="test_setConfiguration" time="0"/>
  <testcase classname="com.alibaba.datax.common.util.ConfigurationTest" name="test_variable" time="0.001"/>
  <testcase classname="com.alibaba.datax.common.util.ConfigurationTest" name="test_merge" time="0.004">
    <failure type="java.lang.AssertionErrornull">java.lang.AssertionErrornull	at org.junit.Assert.fail(Assert.java:86)null	at org.junit.Assert.assertTrue(Assert.java:41)null	at org.junit.Assert.assertTrue(Assert.java:52)null	at com.alibaba.datax.common.util.ConfigurationTest.test_merge(ConfigurationTest.java:516)null	at sun.reflect.NativeMethodAccessorImpl.invoke0(Native Method)null	at sun.reflect.NativeMethodAccessorImpl.invoke(NativeMethodAccessorImpl.java:62)null	at sun.reflect.DelegatingMethodAccessorImpl.invoke(DelegatingMethodAccessorImpl.java:43)null	at java.lang.reflect.Method.invoke(Method.java:498)null	at org.junit.runners.model.FrameworkMethod$1.runReflectiveCall(FrameworkMethod.java:50)null	at org.junit.internal.runners.model.ReflectiveCallable.run(ReflectiveCallable.java:12)null	at org.junit.runners.model.FrameworkMethod.invokeExplosively(FrameworkMethod.java:47)null	at org.junit.internal.runners.statements.InvokeMethod.evaluate(InvokeMethod.java:17)null	at org.junit.rules.ExpectedException$ExpectedExceptionStatement.evaluate(ExpectedException.java:239)null	at org.junit.rules.RunRules.evaluate(RunRules.java:20)null	at org.junit.runners.ParentRunner.runLeaf(ParentRunner.java:325)null	at org.junit.runners.BlockJUnit4ClassRunner.runChild(BlockJUnit4ClassRunner.java:78)null	at org.junit.runners.BlockJUnit4ClassRunner.runChild(BlockJUnit4ClassRunner.java:57)null	at org.junit.runners.ParentRunner$3.run(ParentRunner.java:290)null	at org.junit.runners.ParentRunner$1.schedule(ParentRunner.java:71)null	at org.junit.runners.ParentRunner.runChildren(ParentRunner.java:288)null	at org.junit.runners.ParentRunner.access$000(ParentRunner.java:58)null	at org.junit.runners.ParentRunner$2.evaluate(ParentRunner.java:268)null	at org.junit.runners.ParentRunner.run(ParentRunner.java:363)null	at org.apache.maven.surefire.junit4.JUnit4Provider.execute(JUnit4Provider.java:252)null	at org.apache.maven.surefire.junit4.JUnit4Provider.executeTestSet(JUnit4Provider.java:141)null	at org.apache.maven.surefire.junit4.JUnit4Provider.invoke(JUnit4Provider.java:112)null	at sun.reflect.NativeMethodAccessorImpl.invoke0(Native Method)null	at sun.reflect.NativeMethodAccessorImpl.invoke(NativeMethodAccessorImpl.java:62)null	at sun.reflect.DelegatingMethodAccessorImpl.invoke(DelegatingMethodAccessorImpl.java:43)null	at java.lang.reflect.Method.invoke(Method.java:498)null	at org.apache.maven.surefire.util.ReflectionUtils.invokeMethodWithArray(ReflectionUtils.java:189)null	at org.apache.maven.surefire.booter.ProviderFactory$ProviderProxy.invoke(ProviderFactory.java:165)null	at org.apache.maven.surefire.booter.ProviderFactory.invokeProvider(ProviderFactory.java:85)null	at org.apache.maven.surefire.booter.ForkedBooter.runSuitesInProcess(ForkedBooter.java:115)null	at org.apache.maven.surefire.booter.ForkedBooter.main(ForkedBooter.java:75)null</failure>
    <system-out>[1,2]
[1,2]
{&quot;1&quot;:2}
{&quot;1&quot;:2}
{&quot;1&quot;:&quot;2&quot;}
{&quot;1&quot;:&quot;2&quot;}
{&quot;a&quot;:{&quot;A&quot;:&quot;A&quot;,&quot;b&quot;:{&quot;B&quot;:&quot;B&quot;,&quot;c&quot;:[&quot;bazhen&quot;]}}}
{&quot;a&quot;:{&quot;A&quot;:&quot;A&quot;,&quot;b&quot;:{&quot;B&quot;:&quot;B&quot;,&quot;c&quot;:[0],&quot;C&quot;:&quot;C&quot;}}}
</system-out>
  </testcase>
</testsuite>